2025-01-28 21:36:43,877 [main] INFO  base.BaseSetup - Opened browser and navigated to URL
2025-01-29 12:13:42,896 [main] INFO  base.BaseSetup - Opened browser and navigated to URL
2025-01-29 12:13:45,388 [main] INFO  base.NavigateToApplication - NavigateToApplication initialized
2025-01-29 12:13:53,140 [main] INFO  base.NavigateToApplication - Clicked on Side Menu Icon
2025-01-29 12:13:57,975 [main] INFO  base.NavigateToApplication - Clicked on Search Icon
2025-01-29 12:14:02,271 [main] INFO  base.NavigateToApplication - Entered text in Search Box: intellect
2025-01-29 12:14:06,577 [main] INFO  base.NavigateToApplication - Clicked on Search Result
2025-01-29 12:14:25,376 [main] INFO  base.BaseSetup - Screenshot captured: C:\Users\HP\git\repository\Net_Singularity1\Net_Singularity1/Screenshots/verifyArticleDeleteFunctionality.png
2025-01-29 12:14:26,772 [main] INFO  base.BaseSetup - Screenshot captured: C:\Users\HP\git\repository\Net_Singularity1\Net_Singularity1/Screenshots/navigateToTemplate.png
2025-01-29 12:16:27,720 [main] INFO  base.BaseSetup - Screenshot captured: C:\Users\HP\git\repository\Net_Singularity1\Net_Singularity1/Screenshots/verifyTemplateSearch.png
2025-01-29 12:16:33,314 [main] INFO  base.BaseSetup - Screenshot captured: C:\Users\HP\git\repository\Net_Singularity1\Net_Singularity1/Screenshots/verifyRefreshButton.png
2025-01-29 12:16:38,745 [main] INFO  base.BaseSetup - Screenshot captured: C:\Users\HP\git\repository\Net_Singularity1\Net_Singularity1/Screenshots/verifyCategoryRenameFunctionality.png
2025-01-29 12:16:44,184 [main] INFO  base.BaseSetup - Screenshot captured: C:\Users\HP\git\repository\Net_Singularity1\Net_Singularity1/Screenshots/verifyCategoryUpdateFunctionality.png
2025-01-29 12:16:49,791 [main] INFO  base.BaseSetup - Screenshot captured: C:\Users\HP\git\repository\Net_Singularity1\Net_Singularity1/Screenshots/verifyCreateTemplate.png
2025-01-29 12:16:51,249 [main] INFO  base.BaseSetup - Browser closed
2025-01-31 16:21:38,578 [main] INFO  base.BaseSetup - Opened browser and navigated to URL
2025-01-31 16:21:44,224 [main] INFO  base.NavigateToApplication - NavigateToApplication initialized
2025-01-31 16:21:50,940 [main] INFO  base.NavigateToApplication - Clicked on Side Menu Icon
2025-01-31 16:21:56,435 [main] INFO  base.NavigateToApplication - Clicked on Search Icon
2025-01-31 16:22:01,073 [main] INFO  base.NavigateToApplication - Entered text in Search Box: trial man
2025-02-03 12:43:37,685 [main] INFO  base.BaseSetup - Opened browser and navigated to URL
2025-02-03 12:45:10,247 [main] INFO  base.BaseSetup - Opened browser and navigated to URL
2025-02-03 12:47:05,300 [main] INFO  base.BaseSetup - Screenshot captured: C:\Users\HP\eclipse-workspace\Automation_Projects/Screenshots/searchCustomer360.png
2025-02-03 12:49:25,417 [main] INFO  base.BaseSetup - Screenshot captured: C:\Users\HP\eclipse-workspace\Automation_Projects/Screenshots/createTasks.png
2025-02-03 12:49:26,772 [main] INFO  base.BaseSetup - Browser closed
2025-02-03 13:00:50,982 [main] INFO  base.BaseSetup - Opened browser and navigated to URL
2025-02-03 13:04:43,523 [main] INFO  base.BaseSetup - Screenshot captured: C:\Users\HP\eclipse-workspace\Automation_Projects/Screenshots/createTasks.png
2025-02-03 13:04:44,899 [main] INFO  base.BaseSetup - Browser closed
2025-02-03 16:46:01,641 [main] INFO  base.BaseSetup - Opened browser and navigated to URL
2025-02-03 16:48:04,248 [main] INFO  base.BaseSetup - Screenshot captured: C:\Users\HP\eclipse-workspace\Automation_Projects/Screenshots/searchCustomer360.png
2025-02-03 16:50:23,516 [main] INFO  base.BaseSetup - Screenshot captured: C:\Users\HP\eclipse-workspace\Automation_Projects/Screenshots/createTasks.png
2025-02-03 16:50:24,858 [main] INFO  base.BaseSetup - Browser closed
